[2024-12-19 15:29:43] info: 	z2m: Logging to console, file (filename: log.log)
[2024-12-19 15:29:43] info: 	z2m: Starting Zigbee2MQTT version 1.42.0 (commit #unknown)
[2024-12-19 15:29:43] info: 	z2m: Starting zigbee-herdsman (2.1.9)
[2024-12-19 15:29:43] warning: 	zh:ezsp: 'ezsp' driver is deprecated and will only remain to provide support for older firmware (pre 7.4.x). Migration to 'ember' is recommended. If using Zigbee2MQTT see https://github.com/Koenkk/zigbee2mqtt/discussions/21462
[2024-12-19 15:29:50] error: 	zh:ezsp:uart: --> Error: Error: {"sequence":1} after 4000ms
[2024-12-19 15:29:50] error: 	zh:ezsp:uart: -!- break waiting (1)
[2024-12-19 15:29:50] error: 	zh:ezsp:uart: Can't send DATA frame (0,1,0): 00000004
[2024-12-19 15:29:55] error: 	zh:ezsp:uart: --> Error: Error: {"sequence":1} after 4000ms
[2024-12-19 15:29:55] error: 	zh:ezsp:uart: -!- break rewaiting (1)
[2024-12-19 15:29:55] error: 	zh:ezsp:uart: Can't resend DATA frame (0,1,1): 00000004
[2024-12-19 15:29:55] error: 	z2m: Error while starting zigbee-herdsman
[2024-12-19 15:29:55] error: 	z2m: Failed to start zigbee
[2024-12-19 15:29:55] error: 	z2m: Check https://www.zigbee2mqtt.io/guide/installation/20_zigbee2mqtt-fails-to-start.html for possible solutions
[2024-12-19 15:29:55] error: 	z2m: Exiting...
[2024-12-19 15:29:55] error: 	z2m: Error: Failure send version:{"type":"Buffer","data":[0,0,0,4]}
    at /app/node_modules/zigbee-herdsman/src/adapter/ezsp/driver/ezsp.ts:679:23
    at Queue.execute (/app/node_modules/zigbee-herdsman/src/utils/queue.ts:36:20)
    at Ezsp.execCommand (/app/node_modules/zigbee-herdsman/src/adapter/ezsp/driver/ezsp.ts:666:16)
    at Ezsp.version (/app/node_modules/zigbee-herdsman/src/adapter/ezsp/driver/ezsp.ts:457:24)
    at Driver.startup (/app/node_modules/zigbee-herdsman/src/adapter/ezsp/driver/driver.ts:195:9)
    at EZSPAdapter.start (/app/node_modules/zigbee-herdsman/src/adapter/ezsp/adapter/ezspAdapter.ts:152:16)
    at Controller.start (/app/node_modules/zigbee-herdsman/src/controller/controller.ts:137:29)
    at Zigbee.start (/app/lib/zigbee.ts:69:27)
    at Controller.start (/app/lib/controller.ts:161:27)
    at start (/app/index.js:154:5)
